Error logged: 2024-12-24 13:55:54 - [ 512 ]: Wrong password inserted for johnypeters@gmail.com! in file C:\xampp\htdocs\PHP-MySQL\Project\PHP\login.php on line 53
Error logged: 2024-12-24 14:04:58 - [ 1024 ]: Wrong password inserted for johnypeters@gmail.com! in file C:\xampp\htdocs\PHP-MySQL\Project\PHP\login.php on line 54
Error logged: 2024-12-24 14:10:09 - [ 1024 ]: No account found for user test@test.be in file C:\xampp\htdocs\PHP-MySQL\Project\PHP\login.php on line 61
Error logged: 2024-12-24 14:10:50 - [ 1024 ]: Wrong password inserted for johnypeters@gmail.com in file C:\xampp\htdocs\PHP-MySQL\Project\PHP\login.php on line 56
Error logged: 2024-12-24 16:01:35 - [ 1024 ]: Passwords do not match. in file C:\xampp\htdocs\PHP-MySQL\Project\PHP\signup.php on line 34
Error logged: 2024-12-24 16:11:31 - [ 1024 ]: No account found for user arnauldtimmers@gmail.com in file C:\xampp\htdocs\PHP-MySQL\Project\PHP\login.php on line 61
Error logged: 2024-12-24 17:05:33 - [ 1024 ]: Passwords do not match. in file C:\xampp\htdocs\PHP-MySQL\Project\PHP\signup.php on line 34
Error logged: 2024-12-24 21:21:11 - [ 2 ]: Undefined array key "price" in file C:\xampp\htdocs\PHP-MySQL\Project\PHP\addToCart.php on line 10
Error logged: 2024-12-24 21:22:10 - [ 2 ]: Undefined array key "price" in file C:\xampp\htdocs\PHP-MySQL\Project\PHP\addToCart.php on line 10
Error logged: 2024-12-25 14:51:49 - [ 2 ]: Undefined array key "firstName" in file C:\xampp\htdocs\PHP-MySQL\Project\PHP\signup.php on line 15
Error logged: 2024-12-25 15:26:10 - [ 2 ]: Undefined array key "firstName" in file C:\xampp\htdocs\PHP-MySQL\Project\PHP\signup.php on line 15
Error logged: 2024-12-25 15:28:38 - [ 2 ]: Undefined array key "firstName" in file C:\xampp\htdocs\PHP-MySQL\Project\PHP\signup.php on line 15
Error logged: 2024-12-25 15:34:50 - [ 2 ]: Undefined array key "firstName" in file C:\xampp\htdocs\PHP-MySQL\Project\PHP\signup.php on line 15
Error logged: 2024-12-25 15:41:23 - [ 2 ]: Undefined array key "firstName" in file C:\xampp\htdocs\PHP-MySQL\Project\PHP\signup.php on line 15
Error logged: 2024-12-25 16:14:12 - [ 2 ]: Undefined array key "firstName" in file C:\xampp\htdocs\PHP-MySQL\Project\PHP\signup.php on line 15
Error logged: 2024-12-25 16:14:23 - [ 2 ]: Undefined array key "firstName" in file C:\xampp\htdocs\PHP-MySQL\Project\PHP\signup.php on line 15
Error logged: 2024-12-25 16:17:20 - [ 2 ]: Undefined array key "firstName" in file C:\xampp\htdocs\PHP-MySQL\Project\PHP\signup.php on line 15
Error logged: 2024-12-25 16:21:19 - [ 2 ]: Undefined array key "firstName" in file C:\xampp\htdocs\PHP-MySQL\Project\PHP\signup.php on line 15
Error logged: 2024-12-25 18:41:26 - [ 2 ]: Undefined array key "firstName" in file C:\xampp\htdocs\PHP-MySQL\Project\PHP\signup.php on line 20
Error logged: 2024-12-25 21:30:59 - [ 8 ]: session_start(): Ignoring session_start() because a session is already active in file C:\xampp\htdocs\PHP-MySQL\Project\PHP\changeProducts.php on line 4
